-------------------------------------------------------------------------------
Test set: TestSuite
-------------------------------------------------------------------------------
Tests run: 1, Failures: 1, Errors: 0, Skipped: 0, Time elapsed: 1.495 s <<< FAILURE! - in TestSuite
add(com.automation.TestNgApproach)  Time elapsed: 0.037 s  <<< FAILURE!
java.lang.AssertionError: expected [8] but found [2]
	at com.automation.TestNgApproach.add(TestNgApproach.java:13)

